2020-01-02 14:38:26.805  WARN 19280 --- [main] o.m.s.m.ClassPathMapperScanner           : Skipping MapperFactoryBean with name 'readerRepository' and 'com.vash.boot_demo.dao.ReaderRepository' mapperInterface. Bean already defined with the same name!
2020-01-02 14:38:26.816  WARN 19280 --- [main] o.m.s.m.ClassPathMapperScanner           : Skipping MapperFactoryBean with name 'readingListRepository' and 'com.vash.boot_demo.dao.ReadingListRepository' mapperInterface. Bean already defined with the same name!
2020-01-02 14:38:32.468  WARN 19280 --- [main] JpaBaseConfiguration$JpaWebConfiguration : spring.jpa.open-in-view is enabled by default. Therefore, database queries may be performed during view rendering. Explicitly configure spring.jpa.open-in-view to disable this warning
2020-01-02 14:38:33.243 DEBUG 19280 --- [main] eGlobalAuthenticationAutowiredConfigurer : Eagerly initializing {org.springframework.boot.autoconfigure.security.servlet.WebSecurityEnablerConfiguration=org.springframework.boot.autoconfigure.security.servlet.WebSecurityEnablerConfiguration@2570851e}
2020-01-02 14:38:33.359 DEBUG 19280 --- [main] s.s.c.a.w.c.WebSecurityConfigurerAdapter : Using default configure(HttpSecurity). If subclassed this will potentially override subclass configure(HttpSecurity).
2020-01-02 14:38:33.454 DEBUG 19280 --- [main] edFilterInvocationSecurityMetadataSource : Adding web access control expression 'authenticated', for any request
2020-01-02 14:38:33.479 DEBUG 19280 --- [main] o.s.s.w.a.i.FilterSecurityInterceptor    : Validated configuration attributes
2020-01-02 14:38:33.481 DEBUG 19280 --- [main] o.s.s.w.a.i.FilterSecurityInterceptor    : Validated configuration attributes
2020-01-02 14:38:33.495  INFO 19280 --- [main] o.s.s.w.DefaultSecurityFilterChain       : Creating filter chain: any request, [org.springframework.security.web.context.request.async.WebAsyncManagerIntegrationFilter@301f9aa0, org.springframework.security.web.context.SecurityContextPersistenceFilter@58189b85, org.springframework.security.web.header.HeaderWriterFilter@20e41f13, org.springframework.security.web.csrf.CsrfFilter@638d624a, org.springframework.security.web.authentication.logout.LogoutFilter@3b0c38f2, org.springframework.security.web.authentication.UsernamePasswordAuthenticationFilter@5d515e2c, org.springframework.security.web.authentication.ui.DefaultLoginPageGeneratingFilter@394331a8, org.springframework.security.web.authentication.ui.DefaultLogoutPageGeneratingFilter@2f82e3cf, org.springframework.security.web.authentication.www.BasicAuthenticationFilter@5186b78a, org.springframework.security.web.savedrequest.RequestCacheAwareFilter@5e41e6ad, org.springframework.security.web.servletapi.SecurityContextHolderAwareRequestFilter@131c5bd, org.springframework.security.web.authentication.AnonymousAuthenticationFilter@3a44993c, org.springframework.security.web.session.SessionManagementFilter@3fa50a24, org.springframework.security.web.access.ExceptionTranslationFilter@71f437d7, org.springframework.security.web.access.intercept.FilterSecurityInterceptor@4bac0be5]
2020-01-02 14:39:43.970 DEBUG 19280 --- [http-nio-8080-exec-1] o.s.s.w.FilterChainProxy                 : /login at position 1 of 15 in additional filter chain; firing Filter: 'WebAsyncManagerIntegrationFilter'
2020-01-02 14:39:43.974 DEBUG 19280 --- [http-nio-8080-exec-1] o.s.s.w.FilterChainProxy                 : /login at position 2 of 15 in additional filter chain; firing Filter: 'SecurityContextPersistenceFilter'
2020-01-02 14:39:43.976 DEBUG 19280 --- [http-nio-8080-exec-1] w.c.HttpSessionSecurityContextRepository : No HttpSession currently exists
2020-01-02 14:39:43.976 DEBUG 19280 --- [http-nio-8080-exec-1] w.c.HttpSessionSecurityContextRepository : No SecurityContext was available from the HttpSession: null. A new one will be created.
2020-01-02 14:39:43.981 DEBUG 19280 --- [http-nio-8080-exec-1] o.s.s.w.FilterChainProxy                 : /login at position 3 of 15 in additional filter chain; firing Filter: 'HeaderWriterFilter'
2020-01-02 14:39:43.983 DEBUG 19280 --- [http-nio-8080-exec-1] o.s.s.w.FilterChainProxy                 : /login at position 4 of 15 in additional filter chain; firing Filter: 'CsrfFilter'
2020-01-02 14:39:43.988 DEBUG 19280 --- [http-nio-8080-exec-1] o.s.s.w.FilterChainProxy                 : /login at position 5 of 15 in additional filter chain; firing Filter: 'LogoutFilter'
2020-01-02 14:39:43.989 DEBUG 19280 --- [http-nio-8080-exec-1] o.s.s.w.u.m.AntPathRequestMatcher        : Request 'GET /login' doesn't match 'POST /logout'
2020-01-02 14:39:43.989 DEBUG 19280 --- [http-nio-8080-exec-1] o.s.s.w.FilterChainProxy                 : /login at position 6 of 15 in additional filter chain; firing Filter: 'UsernamePasswordAuthenticationFilter'
2020-01-02 14:39:43.990 DEBUG 19280 --- [http-nio-8080-exec-1] o.s.s.w.u.m.AntPathRequestMatcher        : Request 'GET /login' doesn't match 'POST /login'
2020-01-02 14:39:43.990 DEBUG 19280 --- [http-nio-8080-exec-1] o.s.s.w.FilterChainProxy                 : /login at position 7 of 15 in additional filter chain; firing Filter: 'DefaultLoginPageGeneratingFilter'
2020-01-02 14:39:44.008 DEBUG 19280 --- [http-nio-8080-exec-1] o.s.s.w.h.w.HstsHeaderWriter             : Not injecting HSTS header since it did not match the requestMatcher org.springframework.security.web.header.writers.HstsHeaderWriter$SecureRequestMatcher@4c423505
2020-01-02 14:39:44.009 DEBUG 19280 --- [http-nio-8080-exec-1] w.c.HttpSessionSecurityContextRepository : SecurityContext is empty or contents are anonymous - context will not be stored in HttpSession.
2020-01-02 14:39:44.012 DEBUG 19280 --- [http-nio-8080-exec-1] s.s.w.c.SecurityContextPersistenceFilter : SecurityContextHolder now cleared, as request processing completed
